\BOOKMARK [0][-]{chapter.1}{\376\377\000Z\000e\000r\000o\000\040\000P\000a\000g\000e}{}% 1
\BOOKMARK [1][-]{section.1.1}{\376\377\000B\000o\000o\000t\000\040\000a\000n\000d\000\040\000W\000a\000r\000m\000\040\000S\000t\000a\000r\000t\000\040\000\050\000\044\0000\0000\040\023\000\044\0000\0002\000\051}{chapter.1}% 2
\BOOKMARK [1][-]{section.1.2}{\376\377\000U\000n\000a\000l\000l\000o\000c\000a\000t\000e\000d\000\040\000\050\000\044\0000\0003\040\023\000\044\0000\0009\000\051}{chapter.1}% 3
\BOOKMARK [1][-]{section.1.3}{\376\377\000U\000S\000R\000\050\000\051\000\040\000F\000u\000n\000c\000t\000i\000o\000n\000\040\000V\000e\000c\000t\000o\000r\000\040\000\050\000\044\0000\000A\040\023\000\044\0000\000C\000\051}{chapter.1}% 4
\BOOKMARK [1][-]{section.1.4}{\376\377\000T\000e\000r\000m\000i\000n\000a\000l\000\040\000S\000e\000t\000t\000i\000n\000g\000s\000\040\000\050\000\044\0000\000D\040\023\000\044\0001\0000\000\051}{chapter.1}% 5
\BOOKMARK [1][-]{section.1.5}{\376\377\000T\000e\000m\000p\000o\000r\000a\000r\000y\000\040\000I\000n\000t\000e\000g\000e\000r\000\040\000\050\000\044\0001\0001\040\023\000\044\0001\0002\000\051}{chapter.1}% 6
\BOOKMARK [1][-]{section.1.6}{\376\377\000U\000n\000a\000l\000l\000o\000c\000a\000t\000e\000d\000\040\000\050\000\044\0001\0003\040\023\000\044\0001\000F\000\051}{chapter.1}% 7
\BOOKMARK [1][-]{section.1.7}{\376\377\000N\000o\000v\000a\000\040\000P\000s\000e\000u\000d\000o\000-\000R\000e\000g\000i\000s\000t\000e\000r\000s\000\040\000\050\000\044\0002\0000\040\023\000\044\0002\000F\000\051}{chapter.1}% 8
\BOOKMARK [1][-]{section.1.8}{\376\377\000U\000n\000a\000l\000l\000o\000c\000a\000t\000e\000d\000\040\000\050\000\044\0003\0000\040\023\000\044\0005\000A\000\051}{chapter.1}% 9
\BOOKMARK [1][-]{section.1.9}{\376\377\000I\000n\000t\000e\000r\000p\000r\000e\000t\000e\000r\000\040\000F\000l\000a\000g\000s\000\040\000\050\000\044\0005\000B\040\023\000\044\0006\0004\000\051}{chapter.1}% 10
\BOOKMARK [1][-]{section.1.10}{\376\377\000S\000t\000r\000i\000n\000g\000\040\000D\000e\000s\000c\000r\000i\000p\000t\000o\000r\000\040\000S\000t\000a\000c\000k\000\040\000\050\000\044\0006\0005\040\023\000\044\0007\0000\000\051}{chapter.1}% 11
\BOOKMARK [1][-]{section.1.11}{\376\377\000U\000t\000i\000l\000i\000t\000y\000\040\000P\000o\000i\000n\000t\000e\000r\000s\000\040\000a\000n\000d\000\040\000F\000A\000C\000\040\000T\000e\000m\000p\000o\000r\000a\000r\000i\000e\000s\000\040\000\050\000\044\0007\0001\040\023\000\044\0007\0008\000\051}{chapter.1}% 12
\BOOKMARK [1][-]{section.1.12}{\376\377\000M\000e\000m\000o\000r\000y\000\040\000M\000a\000n\000a\000g\000e\000m\000e\000n\000t\000\040\000P\000o\000i\000n\000t\000e\000r\000s\000\040\000\050\000\044\0007\0009\040\023\000\044\0008\0006\000\051}{chapter.1}% 13
\BOOKMARK [1][-]{section.1.13}{\376\377\000L\000i\000n\000e\000\040\000a\000n\000d\000\040\000D\000a\000t\000a\000\040\000P\000o\000i\000n\000t\000e\000r\000s\000\040\000\050\000\044\0008\0007\040\023\000\044\0009\000F\000\051}{chapter.1}% 14
\BOOKMARK [1][-]{section.1.14}{\376\377\000G\000a\000r\000b\000a\000g\000e\000\040\000C\000o\000l\000l\000e\000c\000t\000i\000o\000n\000\040\000a\000n\000d\000\040\000A\000r\000r\000a\000y\000\040\000W\000o\000r\000k\000s\000p\000a\000c\000e\000\040\000\050\000\044\000A\0000\040\023\000\044\000A\000B\000\051}{chapter.1}% 15
\BOOKMARK [1][-]{section.1.15}{\376\377\000F\000l\000o\000a\000t\000i\000n\000g\000-\000P\000o\000i\000n\000t\000\040\000A\000c\000c\000u\000m\000u\000l\000a\000t\000o\000r\000\040\0001\000\040\000\050\000\044\000A\000C\040\023\000\044\000B\0002\000\051}{chapter.1}% 16
\BOOKMARK [1][-]{section.1.16}{\376\377\000F\000l\000o\000a\000t\000i\000n\000g\000-\000P\000o\000i\000n\000t\000\040\000A\000c\000c\000u\000m\000u\000l\000a\000t\000o\000r\000\040\0002\000\040\000\050\000\044\000B\0003\040\023\000\044\000B\0009\000\051}{chapter.1}% 17
\BOOKMARK [1][-]{section.1.17}{\376\377\000B\000A\000S\000I\000C\000\040\000B\000y\000t\000e\000\040\000F\000e\000t\000c\000h\000\040\000S\000u\000b\000r\000o\000u\000t\000i\000n\000e\000s\000\040\000\050\000\044\000B\000A\040\023\000\044\000D\0007\000\051}{chapter.1}% 18
\BOOKMARK [1][-]{section.1.18}{\376\377\000P\000s\000e\000u\000d\000o\000-\000R\000a\000n\000d\000o\000m\000\040\000N\000u\000m\000b\000e\000r\000\040\000G\000e\000n\000e\000r\000a\000t\000o\000r\000\040\000\050\000\044\000D\0008\040\023\000\044\000D\000B\000\051}{chapter.1}% 19
\BOOKMARK [1][-]{section.1.19}{\376\377\000I\000n\000t\000e\000r\000r\000u\000p\000t\000\040\000H\000a\000n\000d\000l\000e\000r\000\040\000V\000e\000c\000t\000o\000r\000s\000\040\000\050\000\044\000D\000C\040\023\000\044\000E\0001\000\051}{chapter.1}% 20
\BOOKMARK [1][-]{section.1.20}{\376\377\000H\000E\000L\000P\000\040\000S\000c\000r\000a\000t\000c\000h\000\040\000\050\000\044\000E\0002\000\051}{chapter.1}% 21
\BOOKMARK [1][-]{section.1.21}{\376\377\000U\000n\000u\000s\000e\000d\000\040\000\050\000\044\000E\0003\040\023\000\044\000E\000E\000\051}{chapter.1}% 22
\BOOKMARK [1][-]{section.1.22}{\376\377\000D\000e\000c\000i\000m\000a\000l\000\040\000C\000o\000n\000v\000e\000r\000s\000i\000o\000n\000\040\000B\000u\000f\000f\000e\000r\000\040\000\050\000\044\000E\000F\040\023\000\044\000F\000F\000\051}{chapter.1}% 23
\BOOKMARK [0][-]{chapter.2}{\376\377\000T\000h\000e\000\040\000S\000t\000a\000c\000k}{}% 24
\BOOKMARK [1][-]{section.2.1}{\376\377\000S\000t\000a\000c\000k\000\040\000M\000e\000c\000h\000a\000n\000i\000c\000s}{chapter.2}% 25
\BOOKMARK [1][-]{section.2.2}{\376\377\000S\000t\000a\000c\000k\000\040\000F\000r\000a\000m\000e\000\040\000F\000o\000r\000m\000a\000t\000s}{chapter.2}% 26
\BOOKMARK [2][-]{subsection.2.2.1}{\376\377\000J\000S\000R\000/\000R\000T\000S\000\040\040\024\000\040\000S\000u\000b\000r\000o\000u\000t\000i\000n\000e\000\040\000C\000a\000l\000l\000\040\000\050\0002\000\040\000b\000y\000t\000e\000s\000\051}{section.2.2}% 27
\BOOKMARK [2][-]{subsection.2.2.2}{\376\377\000B\000R\000K\000/\000I\000R\000Q\000/\000N\000M\000I\000\040\040\024\000\040\000I\000n\000t\000e\000r\000r\000u\000p\000t\000\040\000F\000r\000a\000m\000e\000\040\000\050\0003\000\040\000b\000y\000t\000e\000s\000\051}{section.2.2}% 28
\BOOKMARK [2][-]{subsection.2.2.3}{\376\377\000E\000h\000B\000A\000S\000I\000C\000\040\000F\000O\000R\000/\000N\000E\000X\000T\000\040\000F\000r\000a\000m\000e\000\040\000\050\002\367\0001\0008\000\040\000b\000y\000t\000e\000s\000\051}{section.2.2}% 29
\BOOKMARK [2][-]{subsection.2.2.4}{\376\377\000E\000h\000B\000A\000S\000I\000C\000\040\000G\000O\000S\000U\000B\000\040\000F\000r\000a\000m\000e\000\040\000\050\0005\000\040\000b\000y\000t\000e\000s\000\051}{section.2.2}% 30
\BOOKMARK [1][-]{section.2.3}{\376\377\000S\000t\000a\000c\000k\000\040\000P\000o\000i\000n\000t\000e\000r\000\040\000I\000n\000i\000t\000i\000a\000l\000i\000s\000a\000t\000i\000o\000n}{chapter.2}% 31
\BOOKMARK [1][-]{section.2.4}{\376\377\000R\000e\000a\000d\000i\000n\000g\000\040\000t\000h\000e\000\040\000S\000t\000a\000c\000k\000\040\000P\000o\000i\000n\000t\000e\000r}{chapter.2}% 32
\BOOKMARK [0][-]{chapter.3}{\376\377\000T\000h\000e\000\040\000V\000e\000c\000t\000o\000r\000\040\000T\000a\000b\000l\000e}{}% 33
\BOOKMARK [1][-]{section.3.1}{\376\377\000V\000e\000c\000t\000o\000r\000\040\000E\000n\000t\000r\000i\000e\000s}{chapter.3}% 34
\BOOKMARK [1][-]{section.3.2}{\376\377\000R\000e\000s\000e\000r\000v\000e\000d\000\040\000R\000a\000n\000g\000e\000\040\000\050\000\044\0000\0002\0001\0008\040\023\000\044\0000\0002\0007\000F\000\051}{chapter.3}% 35
\BOOKMARK [1][-]{section.3.3}{\376\377\000R\000e\000a\000d\000i\000n\000g\000\040\000t\000h\000e\000\040\000C\000o\000m\000p\000l\000e\000t\000e\000\040\000V\000e\000c\000t\000o\000r\000\040\000T\000a\000b\000l\000e}{chapter.3}% 36
\BOOKMARK [0][-]{chapter.4}{\376\377\000B\000A\000S\000I\000C\000\040\000P\000r\000o\000g\000r\000a\000m\000\040\000S\000p\000a\000c\000e}{}% 37
\BOOKMARK [1][-]{section.4.1}{\376\377\000M\000e\000m\000o\000r\000y\000\040\000L\000a\000y\000o\000u\000t\000\040\000O\000v\000e\000r\000v\000i\000e\000w}{chapter.4}% 38
\BOOKMARK [1][-]{section.4.2}{\376\377\000T\000o\000k\000e\000n\000i\000s\000e\000d\000\040\000L\000i\000n\000e\000\040\000F\000o\000r\000m\000a\000t}{chapter.4}% 39
\BOOKMARK [2][-]{subsection.4.2.1}{\376\377\000W\000o\000r\000k\000e\000d\000\040\000E\000x\000a\000m\000p\000l\000e\000:\000\040\0001\0000\000\040\000P\000R\000I\000N\000T\000\040\000"\000H\000E\000L\000L\000O\000"}{section.4.2}% 40
\BOOKMARK [1][-]{section.4.3}{\376\377\000T\000o\000k\000e\000n\000\040\000T\000a\000b\000l\000e}{chapter.4}% 41
\BOOKMARK [2][-]{subsection.4.3.1}{\376\377\000P\000r\000i\000m\000a\000r\000y\000\040\000T\000o\000k\000e\000n\000s\000\040\000\050\000\044\0008\0000\040\023\000\044\000F\000F\000\051}{section.4.3}% 42
\BOOKMARK [2][-]{subsection.4.3.2}{\376\377\000E\000x\000t\000e\000n\000d\000e\000d\000\040\000T\000o\000k\000e\000n\000s\000\040\000\050\000\044\0000\0001\000\040\000+\000\040\000s\000u\000b\000-\000t\000o\000k\000e\000n\000\051}{section.4.3}% 43
\BOOKMARK [1][-]{section.4.4}{\376\377\000S\000i\000m\000p\000l\000e\000\040\000V\000a\000r\000i\000a\000b\000l\000e\000\040\000S\000t\000o\000r\000a\000g\000e}{chapter.4}% 44
\BOOKMARK [2][-]{subsection.4.4.1}{\376\377\000V\000a\000r\000i\000a\000b\000l\000e\000\040\000N\000a\000m\000e\000\040\000E\000n\000c\000o\000d\000i\000n\000g}{section.4.4}% 45
\BOOKMARK [2][-]{subsection.4.4.2}{\376\377\000N\000u\000m\000e\000r\000i\000c\000\040\000V\000a\000r\000i\000a\000b\000l\000e\000s}{section.4.4}% 46
\BOOKMARK [2][-]{subsection.4.4.3}{\376\377\000S\000t\000r\000i\000n\000g\000\040\000V\000a\000r\000i\000a\000b\000l\000e\000s}{section.4.4}% 47
\BOOKMARK [1][-]{section.4.5}{\376\377\000A\000r\000r\000a\000y\000\040\000S\000t\000o\000r\000a\000g\000e}{chapter.4}% 48
\BOOKMARK [2][-]{subsection.4.5.1}{\376\377\000A\000r\000r\000a\000y\000\040\000H\000e\000a\000d\000e\000r}{section.4.5}% 49
\BOOKMARK [2][-]{subsection.4.5.2}{\376\377\000A\000r\000r\000a\000y\000\040\000E\000l\000e\000m\000e\000n\000t\000\040\000D\000a\000t\000a}{section.4.5}% 50
\BOOKMARK [1][-]{section.4.6}{\376\377\000S\000t\000r\000i\000n\000g\000\040\000H\000e\000a\000p}{chapter.4}% 51
\BOOKMARK [2][-]{subsection.4.6.1}{\376\377\000G\000a\000r\000b\000a\000g\000e\000\040\000C\000o\000l\000l\000e\000c\000t\000i\000o\000n}{section.4.6}% 52
\BOOKMARK [1][-]{section.4.7}{\376\377\000F\000r\000e\000e\000\040\000M\000e\000m\000o\000r\000y}{chapter.4}% 53
\BOOKMARK [1][-]{section.4.8}{\376\377\000W\000a\000l\000k\000i\000n\000g\000\040\000t\000h\000e\000\040\000D\000a\000t\000a\000\040\000S\000t\000r\000u\000c\000t\000u\000r\000e\000s}{chapter.4}% 54
\BOOKMARK [2][-]{subsection.4.8.1}{\376\377\000W\000a\000l\000k\000i\000n\000g\000\040\000t\000h\000e\000\040\000P\000r\000o\000g\000r\000a\000m\000\040\000L\000i\000n\000e\000\040\000L\000i\000s\000t}{section.4.8}% 55
\BOOKMARK [2][-]{subsection.4.8.2}{\376\377\000D\000u\000m\000p\000i\000n\000g\000\040\000a\000\040\000T\000o\000k\000e\000n\000i\000s\000e\000d\000\040\000L\000i\000n\000e}{section.4.8}% 56
\BOOKMARK [2][-]{subsection.4.8.3}{\376\377\000S\000h\000o\000w\000i\000n\000g\000\040\000t\000h\000e\000\040\000M\000e\000m\000o\000r\000y\000\040\000M\000a\000p}{section.4.8}% 57
\BOOKMARK [0][-]{chapter.5}{\376\377\000T\000h\000e\000\040\000V\000i\000r\000t\000u\000a\000l\000\040\000G\000r\000a\000p\000h\000i\000c\000s\000\040\000C\000o\000n\000t\000r\000o\000l\000l\000e\000r}{}% 58
\BOOKMARK [1][-]{section.5.1}{\376\377\000D\000i\000s\000p\000l\000a\000y\000\040\000M\000o\000d\000e\000s}{chapter.5}% 59
\BOOKMARK [1][-]{section.5.2}{\376\377\000C\000o\000r\000e\000\040\000R\000e\000g\000i\000s\000t\000e\000r\000s\000\040\000\050\000\044\000A\0000\0000\0000\040\023\000\044\000A\0000\0000\000F\000\051}{chapter.5}% 60
\BOOKMARK [1][-]{section.5.3}{\376\377\000C\000o\000m\000m\000a\000n\000d\000\040\000I\000n\000t\000e\000r\000f\000a\000c\000e\000\040\000\050\000\044\000A\0000\0001\0000\040\023\000\044\000A\0000\0001\000E\000\051}{chapter.5}% 61
\BOOKMARK [2][-]{subsection.5.3.1}{\376\377\000G\000r\000a\000p\000h\000i\000c\000s\000\040\000C\000o\000m\000m\000a\000n\000d\000s}{section.5.3}% 62
\BOOKMARK [2][-]{subsection.5.3.2}{\376\377\000S\000p\000r\000i\000t\000e\000\040\000C\000o\000m\000m\000a\000n\000d\000s}{section.5.3}% 63
\BOOKMARK [2][-]{subsection.5.3.3}{\376\377\000M\000e\000m\000o\000r\000y\000\040\000I\000/\000O\000\040\000C\000o\000m\000m\000a\000n\000d\000s}{section.5.3}% 64
\BOOKMARK [2][-]{subsection.5.3.4}{\376\377\000C\000o\000p\000p\000e\000r\000\040\000\050\000R\000a\000s\000t\000e\000r\000\051\000\040\000C\000o\000m\000m\000a\000n\000d\000s}{section.5.3}% 65
\BOOKMARK [1][-]{section.5.4}{\376\377\000I\000R\000Q\000\040\000C\000o\000n\000t\000r\000o\000l\000\040\000R\000e\000g\000i\000s\000t\000e\000r\000\040\000\050\000\044\000A\0000\0001\000F\000\051}{chapter.5}% 66
\BOOKMARK [1][-]{section.5.5}{\376\377\000H\000e\000l\000p\000\040\000S\000y\000s\000t\000e\000m\000\040\000R\000e\000g\000i\000s\000t\000e\000r\000s\000\040\000\050\000\044\000A\0000\0002\0000\040\023\000\044\000A\0000\0003\0000\000\051}{chapter.5}% 67
\BOOKMARK [1][-]{section.5.6}{\376\377\000C\000o\000m\000p\000i\000l\000e\000r\000\040\000C\000o\000n\000t\000r\000o\000l\000l\000e\000r\000\040\000\050\000\044\000A\0000\0003\0001\040\023\000\044\000A\0000\0003\000E\000\051}{chapter.5}% 68
\BOOKMARK [1][-]{section.5.7}{\376\377\000R\000O\000M\000\040\000S\000w\000a\000p\000\040\000R\000e\000g\000i\000s\000t\000e\000r\000\040\000\050\000\044\000A\0000\0003\000F\000\051}{chapter.5}% 69
\BOOKMARK [1][-]{section.5.8}{\376\377\000S\000p\000r\000i\000t\000e\000\040\000R\000e\000g\000i\000s\000t\000e\000r\000s\000\040\000\050\000\044\000A\0000\0004\0000\040\023\000\044\000A\0000\000B\000F\000\051}{chapter.5}% 70
\BOOKMARK [0][-]{chapter.6}{\376\377\000T\000h\000e\000\040\000N\000e\000t\000w\000o\000r\000k\000\040\000I\000n\000t\000e\000r\000f\000a\000c\000e\000\040\000C\000o\000n\000t\000r\000o\000l\000l\000e\000r}{}% 71
\BOOKMARK [1][-]{section.6.1}{\376\377\000C\000o\000m\000m\000a\000n\000d\000\040\000R\000e\000g\000i\000s\000t\000e\000r}{chapter.6}% 72
\BOOKMARK [1][-]{section.6.2}{\376\377\000S\000t\000a\000t\000u\000s\000\040\000a\000n\000d\000\040\000C\000o\000n\000t\000r\000o\000l\000\040\000R\000e\000g\000i\000s\000t\000e\000r\000s}{chapter.6}% 73
\BOOKMARK [1][-]{section.6.3}{\376\377\000P\000o\000r\000t\000\040\000R\000e\000g\000i\000s\000t\000e\000r\000s}{chapter.6}% 74
\BOOKMARK [1][-]{section.6.4}{\376\377\000D\000M\000A\000\040\000R\000e\000g\000i\000s\000t\000e\000r\000s}{chapter.6}% 75
\BOOKMARK [1][-]{section.6.5}{\376\377\000P\000e\000r\000-\000S\000l\000o\000t\000\040\000S\000t\000a\000t\000u\000s\000\040\000R\000e\000g\000i\000s\000t\000e\000r\000s}{chapter.6}% 76
\BOOKMARK [1][-]{section.6.6}{\376\377\000H\000o\000s\000t\000n\000a\000m\000e\000\040\000B\000u\000f\000f\000e\000r}{chapter.6}% 77
\BOOKMARK [1][-]{section.6.7}{\376\377\000C\000o\000m\000p\000l\000e\000t\000e\000\040\000E\000x\000a\000m\000p\000l\000e\000s}{chapter.6}% 78
\BOOKMARK [2][-]{subsection.6.7.1}{\376\377\000C\000l\000i\000e\000n\000t\000:\000\040\000C\000o\000n\000n\000e\000c\000t\000,\000\040\000S\000e\000n\000d\000,\000\040\000a\000n\000d\000\040\000R\000e\000c\000e\000i\000v\000e}{section.6.7}% 79
\BOOKMARK [2][-]{subsection.6.7.2}{\376\377\000S\000e\000r\000v\000e\000r\000:\000\040\000L\000i\000s\000t\000e\000n\000,\000\040\000A\000c\000c\000e\000p\000t\000,\000\040\000a\000n\000d\000\040\000E\000c\000h\000o}{section.6.7}% 80
\BOOKMARK [0][-]{chapter.7}{\376\377\000T\000h\000e\000\040\000W\000a\000v\000e\000t\000a\000b\000l\000e\000\040\000S\000y\000n\000t\000h\000e\000s\000i\000z\000e\000r}{}% 81
\BOOKMARK [1][-]{section.7.1}{\376\377\000V\000o\000i\000c\000e\000\040\000R\000e\000g\000i\000s\000t\000e\000r\000s\000\040\000\050\000\044\000A\0001\0004\0000\040\023\000\044\000A\0001\0007\000F\000\051}{chapter.7}% 82
\BOOKMARK [1][-]{section.7.2}{\376\377\000G\000l\000o\000b\000a\000l\000\040\000R\000e\000g\000i\000s\000t\000e\000r\000s\000\040\000\050\000\044\000A\0001\0008\0000\040\023\000\044\000A\0001\0008\0007\000\051}{chapter.7}% 83
\BOOKMARK [1][-]{section.7.3}{\376\377\000I\000n\000s\000t\000r\000u\000m\000e\000n\000t\000\040\000E\000n\000u\000m\000e\000r\000a\000t\000i\000o\000n\000\040\000\050\000\044\000A\0001\000A\0000\040\023\000\044\000A\0001\000D\000F\000\051}{chapter.7}% 84
\BOOKMARK [1][-]{section.7.4}{\376\377\000C\000o\000m\000p\000l\000e\000t\000e\000\040\000E\000x\000a\000m\000p\000l\000e\000s}{chapter.7}% 85
\BOOKMARK [2][-]{subsection.7.4.1}{\376\377\000L\000o\000a\000d\000i\000n\000g\000\040\000a\000\040\000S\000o\000u\000n\000d\000f\000o\000n\000t}{section.7.4}% 86
\BOOKMARK [2][-]{subsection.7.4.2}{\376\377\000P\000l\000a\000y\000i\000n\000g\000\040\000a\000\040\000N\000o\000t\000e}{section.7.4}% 87
\BOOKMARK [2][-]{subsection.7.4.3}{\376\377\000T\000h\000r\000e\000e\000-\000N\000o\000t\000e\000\040\000C\000h\000o\000r\000d\000\040\000w\000i\000t\000h\000\040\000P\000a\000n\000n\000i\000n\000g}{section.7.4}% 88
\BOOKMARK [2][-]{subsection.7.4.4}{\376\377\000S\000e\000t\000t\000i\000n\000g\000\040\000U\000p\000\040\000R\000e\000v\000e\000r\000b\000\040\000a\000n\000d\000\040\000C\000h\000o\000r\000u\000s}{section.7.4}% 89
\BOOKMARK [0][-]{chapter.8}{\376\377\000S\000c\000r\000e\000e\000n\000\040\000M\000e\000m\000o\000r\000y}{}% 90
\BOOKMARK [1][-]{section.8.1}{\376\377\000C\000h\000a\000r\000a\000c\000t\000e\000r\000\040\000R\000A\000M\000\040\000\050\000\044\000A\000A\0000\0000\040\023\000\044\000B\0001\000C\000F\000\051}{chapter.8}% 91
\BOOKMARK [1][-]{section.8.2}{\376\377\000C\000o\000l\000o\000r\000\040\000R\000A\000M\000\040\000\050\000\044\000B\0001\000D\0000\040\023\000\044\000B\0009\0009\000F\000\051}{chapter.8}% 92
\BOOKMARK [1][-]{section.8.3}{\376\377\000S\000c\000r\000e\000e\000n\000\040\000C\000o\000o\000r\000d\000i\000n\000a\000t\000e\000\040\000M\000a\000t\000h}{chapter.8}% 93
\BOOKMARK [2][-]{subsection.8.3.1}{\376\377\000W\000o\000r\000k\000e\000d\000\040\000E\000x\000a\000m\000p\000l\000e}{section.8.3}% 94
\BOOKMARK [1][-]{section.8.4}{\376\377\000B\000A\000S\000I\000C\000\040\000E\000x\000a\000m\000p\000l\000e\000s}{chapter.8}% 95
\BOOKMARK [2][-]{subsection.8.4.1}{\376\377\000D\000i\000r\000e\000c\000t\000\040\000S\000c\000r\000e\000e\000n\000\040\000W\000r\000i\000t\000e}{section.8.4}% 96
\BOOKMARK [2][-]{subsection.8.4.2}{\376\377\000S\000c\000r\000e\000e\000n\000\040\000D\000u\000m\000p}{section.8.4}% 97
\BOOKMARK [2][-]{subsection.8.4.3}{\376\377\000F\000a\000s\000t\000\040\000T\000e\000x\000t\000\040\000R\000e\000n\000d\000e\000r\000i\000n\000g}{section.8.4}% 98
\BOOKMARK [2][-]{subsection.8.4.4}{\376\377\000C\000o\000l\000o\000u\000r\000\040\000C\000y\000c\000l\000i\000n\000g\000\040\000E\000f\000f\000e\000c\000t}{section.8.4}% 99
\BOOKMARK [0][-]{chapter.9}{\376\377\000T\000h\000e\000\040\000F\000i\000l\000e\000\040\000I\000/\000O\000\040\000C\000o\000n\000t\000r\000o\000l\000l\000e\000r}{}% 100
\BOOKMARK [1][-]{section.9.1}{\376\377\000R\000e\000g\000i\000s\000t\000e\000r\000\040\000M\000a\000p}{chapter.9}% 101
\BOOKMARK [1][-]{section.9.2}{\376\377\000C\000o\000r\000e\000\040\000R\000e\000g\000i\000s\000t\000e\000r\000s}{chapter.9}% 102
\BOOKMARK [1][-]{section.9.3}{\376\377\000C\000o\000m\000m\000a\000n\000d\000\040\000R\000e\000f\000e\000r\000e\000n\000c\000e}{chapter.9}% 103
\BOOKMARK [2][-]{subsection.9.3.1}{\376\377\000F\000i\000l\000e\000\040\000O\000p\000e\000r\000a\000t\000i\000o\000n\000s}{section.9.3}% 104
\BOOKMARK [2][-]{subsection.9.3.2}{\376\377\000S\000I\000D\000\040\000P\000l\000a\000y\000b\000a\000c\000k}{section.9.3}% 105
\BOOKMARK [2][-]{subsection.9.3.3}{\376\377\000M\000u\000s\000i\000c\000\040\000E\000n\000g\000i\000n\000e}{section.9.3}% 106
\BOOKMARK [2][-]{subsection.9.3.4}{\376\377\000M\000I\000D\000I\000\040\000P\000l\000a\000y\000b\000a\000c\000k}{section.9.3}% 107
\BOOKMARK [2][-]{subsection.9.3.5}{\376\377\000S\000o\000u\000n\000d\000f\000o\000n\000t}{section.9.3}% 108
\BOOKMARK [2][-]{subsection.9.3.6}{\376\377\000D\000i\000s\000k\000\040\000O\000p\000e\000r\000a\000t\000i\000o\000n\000s}{section.9.3}% 109
\BOOKMARK [1][-]{section.9.4}{\376\377\000F\000i\000l\000e\000\040\000M\000e\000t\000a\000d\000a\000t\000a\000\040\000B\000u\000f\000f\000e\000r\000\040\000\050\000\044\000B\000A\000B\0000\040\023\000\044\000B\000B\0001\000F\000\051}{chapter.9}% 110
\BOOKMARK [1][-]{section.9.5}{\376\377\000S\000t\000a\000t\000u\000s\000\040\000a\000n\000d\000\040\000E\000r\000r\000o\000r\000\040\000C\000o\000d\000e\000\040\000S\000u\000m\000m\000a\000r\000y}{chapter.9}% 111
\BOOKMARK [2][-]{subsection.9.5.1}{\376\377\000S\000t\000a\000t\000u\000s\000\040\000C\000o\000d\000e\000s\000\040\000\050\000F\000i\000o\000S\000t\000a\000t\000u\000s\000,\000\040\000\044\000B\0009\000A\0001\000\051}{section.9.5}% 112
\BOOKMARK [2][-]{subsection.9.5.2}{\376\377\000E\000r\000r\000o\000r\000\040\000C\000o\000d\000e\000s\000\040\000\050\000F\000i\000o\000E\000r\000r\000C\000o\000d\000e\000,\000\040\000\044\000B\0009\000A\0002\000\051}{section.9.5}% 113
\BOOKMARK [1][-]{section.9.6}{\376\377\000B\000A\000S\000I\000C\000\040\000E\000x\000a\000m\000p\000l\000e\000s}{chapter.9}% 114
\BOOKMARK [2][-]{subsection.9.6.1}{\376\377\000S\000a\000v\000i\000n\000g\000\040\000a\000n\000d\000\040\000L\000o\000a\000d\000i\000n\000g\000\040\000a\000\040\000P\000r\000o\000g\000r\000a\000m}{section.9.6}% 115
\BOOKMARK [2][-]{subsection.9.6.2}{\376\377\000D\000i\000r\000e\000c\000t\000o\000r\000y\000\040\000L\000i\000s\000t\000i\000n\000g}{section.9.6}% 116
\BOOKMARK [2][-]{subsection.9.6.3}{\376\377\000P\000l\000a\000y\000i\000n\000g\000\040\000a\000\040\000S\000I\000D\000\040\000F\000i\000l\000e}{section.9.6}% 117
\BOOKMARK [2][-]{subsection.9.6.4}{\376\377\000L\000o\000a\000d\000i\000n\000g\000\040\000a\000n\000d\000\040\000P\000l\000a\000y\000i\000n\000g\000\040\000a\000\040\000M\000I\000D\000I\000\040\000F\000i\000l\000e}{section.9.6}% 118
\BOOKMARK [0][-]{chapter.10}{\376\377\000T\000h\000e\000\040\000E\000x\000p\000a\000n\000s\000i\000o\000n\000\040\000M\000e\000m\000o\000r\000y\000\040\000S\000y\000s\000t\000e\000m}{}% 119
\BOOKMARK [1][-]{section.10.1}{\376\377\000E\000x\000p\000a\000n\000s\000i\000o\000n\000\040\000M\000e\000m\000o\000r\000y\000\040\000C\000o\000n\000t\000r\000o\000l\000l\000e\000r\000\040\000\050\000\044\000B\000A\0000\0000\040\023\000\044\000B\000A\0003\000F\000\051}{chapter.10}% 120
\BOOKMARK [2][-]{subsection.10.1.1}{\376\377\000R\000e\000g\000i\000s\000t\000e\000r\000\040\000M\000a\000p}{section.10.1}% 121
\BOOKMARK [2][-]{subsection.10.1.2}{\376\377\000D\000e\000t\000a\000i\000l\000e\000d\000\040\000R\000e\000g\000i\000s\000t\000e\000r\000\040\000D\000e\000s\000c\000r\000i\000p\000t\000i\000o\000n\000s}{section.10.1}% 122
\BOOKMARK [2][-]{subsection.10.1.3}{\376\377\000C\000o\000m\000m\000a\000n\000d\000\040\000R\000e\000f\000e\000r\000e\000n\000c\000e}{section.10.1}% 123
\BOOKMARK [1][-]{section.10.2}{\376\377\000T\000i\000m\000e\000r\000\040\000C\000o\000n\000t\000r\000o\000l\000l\000e\000r\000\040\000\050\000\044\000B\000A\0004\0000\040\023\000\044\000B\000A\0004\000F\000\051}{chapter.10}% 124
\BOOKMARK [1][-]{section.10.3}{\376\377\000M\000u\000s\000i\000c\000\040\000S\000t\000a\000t\000u\000s\000\040\000R\000e\000g\000i\000s\000t\000e\000r\000s\000\040\000\050\000\044\000B\000A\0005\0000\040\023\000\044\000B\000A\0006\0002\000\051}{chapter.10}% 125
\BOOKMARK [1][-]{section.10.4}{\376\377\000D\000M\000A\000\040\000C\000o\000n\000t\000r\000o\000l\000l\000e\000r\000\040\000\050\000\044\000B\000A\0006\0003\040\023\000\044\000B\000A\0008\0002\000\051}{chapter.10}% 126
\BOOKMARK [2][-]{subsection.10.4.1}{\376\377\000R\000e\000g\000i\000s\000t\000e\000r\000\040\000M\000a\000p}{section.10.4}% 127
\BOOKMARK [2][-]{subsection.10.4.2}{\376\377\000D\000e\000t\000a\000i\000l\000e\000d\000\040\000R\000e\000g\000i\000s\000t\000e\000r\000\040\000D\000e\000s\000c\000r\000i\000p\000t\000i\000o\000n\000s}{section.10.4}% 128
\BOOKMARK [2][-]{subsection.10.4.3}{\376\377\000B\000A\000S\000I\000C\000\040\000E\000x\000a\000m\000p\000l\000e\000s}{section.10.4}% 129
\BOOKMARK [1][-]{section.10.5}{\376\377\000B\000l\000i\000t\000t\000e\000r\000\040\000C\000o\000n\000t\000r\000o\000l\000l\000e\000r\000\040\000\050\000\044\000B\000A\0008\0003\040\023\000\044\000B\000A\000A\0002\000\051}{chapter.10}% 130
\BOOKMARK [2][-]{subsection.10.5.1}{\376\377\000R\000e\000g\000i\000s\000t\000e\000r\000\040\000M\000a\000p}{section.10.5}% 131
\BOOKMARK [2][-]{subsection.10.5.2}{\376\377\000D\000e\000t\000a\000i\000l\000e\000d\000\040\000R\000e\000g\000i\000s\000t\000e\000r\000\040\000D\000e\000s\000c\000r\000i\000p\000t\000i\000o\000n\000s}{section.10.5}% 132
\BOOKMARK [2][-]{subsection.10.5.3}{\376\377\000B\000A\000S\000I\000C\000\040\000E\000x\000a\000m\000p\000l\000e\000s}{section.10.5}% 133
\BOOKMARK [1][-]{section.10.6}{\376\377\000X\000M\000C\000\040\000W\000i\000n\000d\000o\000w\000s\000\040\000\050\000\044\000B\000C\0000\0000\040\023\000\044\000B\000F\000F\000F\000\051}{chapter.10}% 134
\BOOKMARK [0][-]{chapter.11}{\376\377\000T\000h\000e\000\040\000R\000O\000M}{}% 135
\BOOKMARK [1][-]{section.11.1}{\376\377\000R\000O\000M\000\040\000L\000a\000y\000o\000u\000t\000\040\000O\000v\000e\000r\000v\000i\000e\000w}{chapter.11}% 136
\BOOKMARK [1][-]{section.11.2}{\376\377\000K\000e\000y\000\040\000E\000n\000t\000r\000y\000\040\000P\000o\000i\000n\000t\000s}{chapter.11}% 137
\BOOKMARK [1][-]{section.11.3}{\376\377\000M\000o\000n\000i\000t\000o\000r\000\040\000C\000o\000d\000e\000\040\000\050\000\044\000F\000F\0008\0000\040\023\000\044\000F\000F\000F\0009\000\051}{chapter.11}% 138
\BOOKMARK [1][-]{section.11.4}{\376\377\000S\000I\000D\000\040\000R\000e\000g\000i\000s\000t\000e\000r\000\040\000W\000i\000n\000d\000o\000w}{chapter.11}% 139
\BOOKMARK [1][-]{section.11.5}{\376\377\000H\000a\000r\000d\000w\000a\000r\000e\000\040\000V\000e\000c\000t\000o\000r\000s\000\040\000\050\000\044\000F\000F\000F\000A\040\023\000\044\000F\000F\000F\000F\000\051}{chapter.11}% 140
\BOOKMARK [0][-]{chapter.12}{\376\377\000T\000h\000e\000\040\000S\000I\000D\000\040\000S\000o\000u\000n\000d\000\040\000C\000h\000i\000p\000s}{}% 141
\BOOKMARK [1][-]{section.12.1}{\376\377\000V\000o\000i\000c\000e\000\040\000R\000e\000g\000i\000s\000t\000e\000r\000s}{chapter.12}% 142
\BOOKMARK [1][-]{section.12.2}{\376\377\000F\000i\000l\000t\000e\000r\000\040\000R\000e\000g\000i\000s\000t\000e\000r\000s\000\040\000\050\000\044\000D\0004\0001\0005\040\023\000\044\000D\0004\0001\0008\000\051}{chapter.12}% 143
\BOOKMARK [1][-]{section.12.3}{\376\377\000E\000x\000t\000e\000n\000d\000e\000d\000\040\000P\000e\000r\000-\000V\000o\000i\000c\000e\000\040\000V\000o\000l\000u\000m\000e\000\040\000\050\000\044\000D\0004\0001\000D\040\023\000\044\000D\0004\0001\000F\000\051}{chapter.12}% 144
\BOOKMARK [1][-]{section.12.4}{\376\377\000S\000I\000D\000\040\0002\000\040\000\050\000\044\000D\0004\0002\0000\040\023\000\044\000D\0004\0003\000F\000\051}{chapter.12}% 145
\BOOKMARK [1][-]{section.12.5}{\376\377\000S\000I\000D\000\040\0002\000\040\000M\000i\000r\000r\000o\000r\000\040\000\050\000\044\000D\0005\0000\0000\040\023\000\044\000D\0005\0001\000C\000\051}{chapter.12}% 146
\BOOKMARK [1][-]{section.12.6}{\376\377\000B\000A\000S\000I\000C\000\040\000E\000x\000a\000m\000p\000l\000e\000s}{chapter.12}% 147
\BOOKMARK [1][-]{section.12.7}{\376\377\000R\000e\000g\000i\000s\000t\000e\000r\000\040\000S\000u\000m\000m\000a\000r\000y}{chapter.12}% 148
\BOOKMARK [0][-]{appendix.A}{\376\377\000V\000G\000C\000\040\000B\000i\000t\000m\000a\000p\000\040\000\046\000\040\000S\000p\000r\000i\000t\000e\000\040\000S\000h\000a\000p\000e\000\040\000R\000A\000M}{}% 149
\BOOKMARK [1][-]{section.A.1}{\376\377\000G\000r\000a\000p\000h\000i\000c\000s\000\040\000B\000i\000t\000m\000a\000p}{appendix.A}% 150
\BOOKMARK [2][-]{subsection.A.1.1}{\376\377\000A\000d\000d\000r\000e\000s\000s\000\040\000C\000a\000l\000c\000u\000l\000a\000t\000i\000o\000n}{section.A.1}% 151
\BOOKMARK [2][-]{subsection.A.1.2}{\376\377\000R\000o\000w\000\040\000S\000t\000a\000r\000t\000\040\000O\000f\000f\000s\000e\000t\000s}{section.A.1}% 152
\BOOKMARK [2][-]{subsection.A.1.3}{\376\377\000D\000r\000a\000w\000i\000n\000g\000\040\000C\000o\000m\000m\000a\000n\000d\000s\000\040\000v\000s\000.\000\040\000D\000i\000r\000e\000c\000t\000\040\000A\000c\000c\000e\000s\000s}{section.A.1}% 153
\BOOKMARK [2][-]{subsection.A.1.4}{\376\377\000B\000A\000S\000I\000C\000\040\000E\000x\000a\000m\000p\000l\000e\000:\000\040\000R\000e\000a\000d\000/\000W\000r\000i\000t\000e\000\040\000P\000i\000x\000e\000l\000s\000\040\000v\000i\000a\000\040\000M\000e\000m\000R\000e\000a\000d\000/\000M\000e\000m\000W\000r\000i\000t\000e}{section.A.1}% 154
\BOOKMARK [1][-]{section.A.2}{\376\377\000S\000p\000r\000i\000t\000e\000\040\000S\000h\000a\000p\000e\000\040\000R\000A\000M}{appendix.A}% 155
\BOOKMARK [2][-]{subsection.A.2.1}{\376\377\000A\000d\000d\000r\000e\000s\000s\000\040\000C\000a\000l\000c\000u\000l\000a\000t\000i\000o\000n}{section.A.2}% 156
\BOOKMARK [2][-]{subsection.A.2.2}{\376\377\000S\000h\000a\000p\000e\000\040\000S\000l\000o\000t\000\040\000A\000s\000s\000i\000g\000n\000m\000e\000n\000t\000s}{section.A.2}% 157
\BOOKMARK [2][-]{subsection.A.2.3}{\376\377\000B\000A\000S\000I\000C\000\040\000E\000x\000a\000m\000p\000l\000e\000:\000\040\000D\000e\000f\000i\000n\000e\000\040\000a\000\040\000S\000h\000a\000p\000e\000\040\000v\000i\000a\000\040\000M\000e\000m\000W\000r\000i\000t\000e}{section.A.2}% 158
\BOOKMARK [2][-]{subsection.A.2.4}{\376\377\000U\000s\000i\000n\000g\000\040\000D\000M\000A\000\040\000f\000o\000r\000\040\000B\000u\000l\000k\000\040\000S\000h\000a\000p\000e\000\040\000L\000o\000a\000d\000i\000n\000g}{section.A.2}% 159
\BOOKMARK [0][-]{appendix.B}{\376\377\000E\000x\000p\000a\000n\000s\000i\000o\000n\000\040\000R\000A\000M\000\040\000\050\000X\000R\000A\000M\000\051}{}% 160
\BOOKMARK [1][-]{section.B.1}{\376\377\000B\000a\000n\000k\000\040\000S\000t\000r\000u\000c\000t\000u\000r\000e}{appendix.B}% 161
\BOOKMARK [1][-]{section.B.2}{\376\377\000A\000c\000c\000e\000s\000s\000\040\000M\000e\000t\000h\000o\000d\000s}{appendix.B}% 162
\BOOKMARK [2][-]{subsection.B.2.1}{\376\377\000B\000y\000t\000e\000\040\000C\000o\000m\000m\000a\000n\000d\000s\000\040\000\050\000G\000e\000t\000B\000y\000t\000e\000\040\000/\000\040\000P\000u\000t\000B\000y\000t\000e\000\051}{section.B.2}% 163
\BOOKMARK [2][-]{subsection.B.2.2}{\376\377\000B\000u\000l\000k\000\040\000C\000o\000m\000m\000a\000n\000d\000s\000\040\000\050\000S\000t\000a\000s\000h\000\040\000/\000\040\000F\000e\000t\000c\000h\000\051}{section.B.2}% 164
\BOOKMARK [2][-]{subsection.B.2.3}{\376\377\000X\000M\000C\000\040\000W\000i\000n\000d\000o\000w\000s\000\040\000\050\000\044\000B\000C\0000\0000\040\023\000\044\000B\000F\000F\000F\000\051}{section.B.2}% 165
\BOOKMARK [2][-]{subsection.B.2.4}{\376\377\000D\000M\000A\000\040\000T\000r\000a\000n\000s\000f\000e\000r\000s\000\040\000\050\000S\000p\000a\000c\000e\000\040\0005\000\051}{section.B.2}% 166
\BOOKMARK [1][-]{section.B.3}{\376\377\000N\000a\000m\000e\000d\000\040\000B\000l\000o\000c\000k\000\040\000A\000l\000l\000o\000c\000a\000t\000i\000o\000n}{appendix.B}% 167
\BOOKMARK [1][-]{section.B.4}{\376\377\000P\000a\000g\000e\000\040\000U\000s\000a\000g\000e\000\040\000T\000r\000a\000c\000k\000i\000n\000g}{appendix.B}% 168
\BOOKMARK [0][-]{appendix.C}{\376\377\000W\000T\000S\000\040\000S\000a\000m\000p\000l\000e\000\040\000M\000e\000m\000o\000r\000y}{}% 169
\BOOKMARK [1][-]{section.C.1}{\376\377\000L\000o\000a\000d\000i\000n\000g\000\040\000S\000o\000u\000n\000d\000f\000o\000n\000t\000s}{appendix.C}% 170
\BOOKMARK [1][-]{section.C.2}{\376\377\000S\000F\0002\000\040\000F\000o\000r\000m\000a\000t\000\040\000O\000v\000e\000r\000v\000i\000e\000w}{appendix.C}% 171
\BOOKMARK [1][-]{section.C.3}{\376\377\000I\000n\000s\000t\000r\000u\000m\000e\000n\000t\000\040\000M\000a\000p\000p\000i\000n\000g}{appendix.C}% 172
\BOOKMARK [1][-]{section.C.4}{\376\377\000M\000e\000m\000o\000r\000y\000\040\000U\000s\000a\000g\000e}{appendix.C}% 173
\BOOKMARK [1][-]{section.C.5}{\376\377\000L\000i\000m\000i\000t\000a\000t\000i\000o\000n\000s}{appendix.C}% 174
\BOOKMARK [0][-]{appendix.D}{\376\377\000C\000o\000l\000o\000r\000\040\000T\000a\000b\000l\000e}{}% 175
\BOOKMARK [1][-]{section.D.1}{\376\377\000P\000a\000l\000e\000t\000t\000e\000\040\000R\000e\000f\000e\000r\000e\000n\000c\000e}{appendix.D}% 176
\BOOKMARK [1][-]{section.D.2}{\376\377\000U\000s\000a\000g\000e\000\040\000N\000o\000t\000e\000s}{appendix.D}% 177
\BOOKMARK [1][-]{section.D.3}{\376\377\000B\000A\000S\000I\000C\000\040\000E\000x\000a\000m\000p\000l\000e}{appendix.D}% 178
\BOOKMARK [0][-]{appendix.E}{\376\377\000A\000S\000C\000I\000I\000\040\000\046\000\040\000S\000c\000r\000e\000e\000n\000\040\000C\000o\000d\000e\000\040\000T\000a\000b\000l\000e}{}% 179
\BOOKMARK [1][-]{section.E.1}{\376\377\000A\000S\000C\000I\000I\000\040\000T\000a\000b\000l\000e\000\040\000\050\0000\040\023\0001\0002\0007\000\051}{appendix.E}% 180
\BOOKMARK [1][-]{section.E.2}{\376\377\000C\000o\000n\000t\000r\000o\000l\000\040\000C\000h\000a\000r\000a\000c\000t\000e\000r\000s\000\040\000U\000s\000e\000d\000\040\000b\000y\000\040\000t\000h\000e\000\040\000S\000c\000r\000e\000e\000n\000\040\000E\000d\000i\000t\000o\000r}{appendix.E}% 181
\BOOKMARK [1][-]{section.E.3}{\376\377\000E\000x\000t\000e\000n\000d\000e\000d\000\040\000C\000h\000a\000r\000a\000c\000t\000e\000r\000s\000\040\000\050\0001\0002\0008\040\023\0002\0005\0005\000\051}{appendix.E}% 182
\BOOKMARK [1][-]{section.E.4}{\376\377\000B\000A\000S\000I\000C\000\040\000S\000t\000r\000i\000n\000g\000\040\000F\000u\000n\000c\000t\000i\000o\000n\000s}{appendix.E}% 183
\BOOKMARK [0][-]{appendix.F}{\376\377\000F\000o\000n\000t\000\040\000G\000l\000y\000p\000h\000s\000:\000\040\000C\000P\0004\0003\0007\000\040\000\050\000I\000B\000M\000/\000D\000O\000S\000\051}{}% 184
\BOOKMARK [0][-]{appendix.G}{\376\377\000F\000o\000n\000t\000\040\000G\000l\000y\000p\000h\000s\000:\000\040\000P\000E\000T\000S\000C\000I\000I\000\040\000U\000p\000p\000e\000r\000c\000a\000s\000e}{}% 185
\BOOKMARK [0][-]{appendix.H}{\376\377\000F\000o\000n\000t\000\040\000G\000l\000y\000p\000h\000s\000:\000\040\000P\000E\000T\000S\000C\000I\000I\000\040\000L\000o\000w\000e\000r\000c\000a\000s\000e}{}% 186
\BOOKMARK [0][-]{section*.11}{\376\377\000A\000d\000d\000r\000e\000s\000s\000\040\000I\000n\000d\000e\000x}{}% 187
