\BOOKMARK [0][-]{chapter*.2}{\376\377\000F\000o\000r\000e\000w\000o\000r\000d}{}% 1
\BOOKMARK [0][-]{chapter.1}{\376\377\000W\000e\000l\000c\000o\000m\000e\000\040\000t\000o\000\040\000N\000o\000v\000a\000B\000A\000S\000I\000C}{}% 2
\BOOKMARK [1][-]{section.1.1}{\376\377\000W\000h\000a\000t\000\040\000N\000o\000v\000a\000B\000A\000S\000I\000C\000\040\000I\000s}{chapter.1}% 3
\BOOKMARK [1][-]{section.1.2}{\376\377\000W\000h\000a\000t\000\040\000Y\000o\000u\000\040\000C\000a\000n\000\040\000D\000o}{chapter.1}% 4
\BOOKMARK [1][-]{section.1.3}{\376\377\000H\000o\000w\000\040\000t\000o\000\040\000R\000e\000a\000d\000\040\000T\000h\000i\000s\000\040\000G\000u\000i\000d\000e}{chapter.1}% 5
\BOOKMARK [1][-]{section.1.4}{\376\377\000Y\000o\000u\000r\000\040\000F\000i\000r\000s\000t\000\040\000P\000r\000o\000g\000r\000a\000m}{chapter.1}% 6
\BOOKMARK [0][-]{chapter.2}{\376\377\000Y\000o\000u\000r\000\040\000F\000i\000r\000s\000t\000\040\000S\000e\000s\000s\000i\000o\000n}{}% 7
\BOOKMARK [1][-]{section.2.1}{\376\377\000T\000h\000e\000\040\000E\000d\000i\000t\000-\000R\000u\000n\000\040\000C\000y\000c\000l\000e}{chapter.2}% 8
\BOOKMARK [1][-]{section.2.2}{\376\377\000E\000s\000s\000e\000n\000t\000i\000a\000l\000\040\000E\000d\000i\000t\000i\000n\000g\000\040\000C\000o\000m\000m\000a\000n\000d\000s}{chapter.2}% 9
\BOOKMARK [1][-]{section.2.3}{\376\377\000S\000a\000v\000i\000n\000g\000\040\000a\000n\000d\000\040\000L\000o\000a\000d\000i\000n\000g}{chapter.2}% 10
\BOOKMARK [1][-]{section.2.4}{\376\377\000W\000o\000r\000k\000i\000n\000g\000\040\000E\000f\000f\000i\000c\000i\000e\000n\000t\000l\000y}{chapter.2}% 11
\BOOKMARK [1][-]{section.2.5}{\376\377\000T\000h\000e\000\040\000R\000o\000u\000n\000d\000-\000T\000r\000i\000p\000\040\000E\000x\000e\000r\000c\000i\000s\000e}{chapter.2}% 12
\BOOKMARK [0][-]{chapter.3}{\376\377\000L\000a\000n\000g\000u\000a\000g\000e\000\040\000F\000u\000n\000d\000a\000m\000e\000n\000t\000a\000l\000s}{}% 13
\BOOKMARK [1][-]{section.3.1}{\376\377\000V\000a\000r\000i\000a\000b\000l\000e\000s}{chapter.3}% 14
\BOOKMARK [1][-]{section.3.2}{\376\377\000A\000r\000r\000a\000y\000s}{chapter.3}% 15
\BOOKMARK [1][-]{section.3.3}{\376\377\000C\000o\000n\000t\000r\000o\000l\000\040\000F\000l\000o\000w}{chapter.3}% 16
\BOOKMARK [2][-]{subsection.3.3.1}{\376\377\000F\000O\000R\000\040\000/\000\040\000N\000E\000X\000T\000\040\000L\000o\000o\000p\000s}{section.3.3}% 17
\BOOKMARK [2][-]{subsection.3.3.2}{\376\377\000I\000F\000\040\000/\000\040\000T\000H\000E\000N\000\040\000/\000\040\000E\000L\000S\000E}{section.3.3}% 18
\BOOKMARK [2][-]{subsection.3.3.3}{\376\377\000D\000O\000\040\000/\000\040\000L\000O\000O\000P}{section.3.3}% 19
\BOOKMARK [2][-]{subsection.3.3.4}{\376\377\000G\000O\000S\000U\000B\000\040\000/\000\040\000R\000E\000T\000U\000R\000N}{section.3.3}% 20
\BOOKMARK [2][-]{subsection.3.3.5}{\376\377\000G\000O\000T\000O}{section.3.3}% 21
\BOOKMARK [1][-]{section.3.4}{\376\377\000O\000p\000e\000r\000a\000t\000o\000r\000s}{chapter.3}% 22
\BOOKMARK [1][-]{section.3.5}{\376\377\000B\000u\000i\000l\000t\000-\000i\000n\000\040\000F\000u\000n\000c\000t\000i\000o\000n\000s}{chapter.3}% 23
\BOOKMARK [2][-]{subsection.3.5.1}{\376\377\000N\000u\000m\000e\000r\000i\000c\000\040\000F\000u\000n\000c\000t\000i\000o\000n\000s}{section.3.5}% 24
\BOOKMARK [2][-]{subsection.3.5.2}{\376\377\000S\000t\000r\000i\000n\000g\000\040\000F\000u\000n\000c\000t\000i\000o\000n\000s}{section.3.5}% 25
\BOOKMARK [1][-]{section.3.6}{\376\377\000M\000e\000m\000o\000r\000y\000\040\000A\000c\000c\000e\000s\000s}{chapter.3}% 26
\BOOKMARK [1][-]{section.3.7}{\376\377\000S\000t\000y\000l\000e\000\040\000T\000i\000p\000s}{chapter.3}% 27
\BOOKMARK [1][-]{section.3.8}{\376\377\000P\000u\000t\000t\000i\000n\000g\000\040\000I\000t\000\040\000T\000o\000g\000e\000t\000h\000e\000r}{chapter.3}% 28
\BOOKMARK [0][-]{chapter.4}{\376\377\000G\000r\000a\000p\000h\000i\000c\000s\000\040\000a\000n\000d\000\040\000S\000p\000r\000i\000t\000e\000s}{}% 29
\BOOKMARK [1][-]{section.4.1}{\376\377\000D\000i\000s\000p\000l\000a\000y\000\040\000M\000o\000d\000e\000s}{chapter.4}% 30
\BOOKMARK [1][-]{section.4.2}{\376\377\000D\000r\000a\000w\000i\000n\000g\000\040\000C\000o\000m\000m\000a\000n\000d\000s}{chapter.4}% 31
\BOOKMARK [1][-]{section.4.3}{\376\377\000A\000n\000i\000m\000a\000t\000i\000o\000n\000\040\000w\000i\000t\000h\000\040\000V\000S\000Y\000N\000C}{chapter.4}% 32
\BOOKMARK [1][-]{section.4.4}{\376\377\000S\000p\000r\000i\000t\000e\000s}{chapter.4}% 33
\BOOKMARK [1][-]{section.4.5}{\376\377\000S\000p\000r\000i\000t\000e\000\040\000C\000o\000l\000l\000i\000s\000i\000o\000n\000\040\000D\000e\000t\000e\000c\000t\000i\000o\000n}{chapter.4}% 34
\BOOKMARK [1][-]{section.4.6}{\376\377\000C\000o\000m\000p\000a\000t\000i\000b\000i\000l\000i\000t\000y\000\040\000N\000o\000t\000e\000s}{chapter.4}% 35
\BOOKMARK [1][-]{section.4.7}{\376\377\000T\000r\000y\000\040\000I\000t\000\040\000N\000o\000w}{chapter.4}% 36
\BOOKMARK [0][-]{chapter.5}{\376\377\000S\000o\000u\000n\000d\000\040\000a\000n\000d\000\040\000M\000u\000s\000i\000c}{}% 37
\BOOKMARK [1][-]{section.5.1}{\376\377\000T\000h\000e\000\040\000S\000o\000u\000n\000d\000\040\000S\000y\000s\000t\000e\000m}{chapter.5}% 38
\BOOKMARK [1][-]{section.5.2}{\376\377\000P\000l\000a\000y\000i\000n\000g\000\040\000N\000o\000t\000e\000s}{chapter.5}% 39
\BOOKMARK [1][-]{section.5.3}{\376\377\000W\000a\000v\000e\000f\000o\000r\000m\000s}{chapter.5}% 40
\BOOKMARK [1][-]{section.5.4}{\376\377\000A\000D\000S\000R\000\040\000E\000n\000v\000e\000l\000o\000p\000e\000s}{chapter.5}% 41
\BOOKMARK [1][-]{section.5.5}{\376\377\000M\000u\000l\000t\000i\000-\000V\000o\000i\000c\000e\000\040\000M\000u\000s\000i\000c}{chapter.5}% 42
\BOOKMARK [1][-]{section.5.6}{\376\377\000C\000o\000m\000p\000o\000s\000i\000t\000i\000o\000n\000\040\000T\000i\000p\000s}{chapter.5}% 43
\BOOKMARK [1][-]{section.5.7}{\376\377\000T\000r\000y\000\040\000I\000t\000\040\000N\000o\000w}{chapter.5}% 44
\BOOKMARK [0][-]{chapter.6}{\376\377\000E\000x\000p\000a\000n\000s\000i\000o\000n\000\040\000M\000e\000m\000o\000r\000y}{}% 45
\BOOKMARK [1][-]{section.6.1}{\376\377\000W\000h\000y\000\040\000E\000x\000p\000a\000n\000s\000i\000o\000n\000\040\000M\000e\000m\000o\000r\000y\000?}{chapter.6}% 46
\BOOKMARK [1][-]{section.6.2}{\376\377\000B\000a\000n\000k\000s\000\040\000a\000n\000d\000\040\000S\000t\000a\000t\000u\000s}{chapter.6}% 47
\BOOKMARK [1][-]{section.6.3}{\376\377\000S\000i\000n\000g\000l\000e\000-\000B\000y\000t\000e\000\040\000A\000c\000c\000e\000s\000s}{chapter.6}% 48
\BOOKMARK [1][-]{section.6.4}{\376\377\000B\000u\000l\000k\000\040\000T\000r\000a\000n\000s\000f\000e\000r\000s}{chapter.6}% 49
\BOOKMARK [1][-]{section.6.5}{\376\377\000N\000a\000m\000e\000d\000\040\000B\000l\000o\000c\000k\000s}{chapter.6}% 50
\BOOKMARK [1][-]{section.6.6}{\376\377\000L\000o\000w\000-\000L\000e\000v\000e\000l\000\040\000A\000l\000l\000o\000c\000a\000t\000i\000o\000n}{chapter.6}% 51
\BOOKMARK [1][-]{section.6.7}{\376\377\000M\000e\000m\000o\000r\000y\000\040\000W\000i\000n\000d\000o\000w\000s}{chapter.6}% 52
\BOOKMARK [1][-]{section.6.8}{\376\377\000E\000r\000r\000o\000r\000\040\000C\000o\000d\000e\000s}{chapter.6}% 53
\BOOKMARK [1][-]{section.6.9}{\376\377\000T\000r\000y\000\040\000I\000t\000\040\000N\000o\000w}{chapter.6}% 54
\BOOKMARK [0][-]{chapter.7}{\376\377\000A\000s\000s\000e\000m\000b\000l\000y\000\040\000a\000n\000d\000\040\000S\000p\000e\000c\000i\000a\000l\000\040\000C\000h\000i\000p\000s}{}% 55
\BOOKMARK [1][-]{section.7.1}{\376\377\000T\000h\000e\000\040\000M\000e\000m\000o\000r\000y\000\040\000M\000a\000p}{chapter.7}% 56
\BOOKMARK [1][-]{section.7.2}{\376\377\000T\000a\000l\000k\000i\000n\000g\000\040\000t\000o\000\040\000H\000a\000r\000d\000w\000a\000r\000e\000\040\000f\000r\000o\000m\000\040\000B\000A\000S\000I\000C}{chapter.7}% 57
\BOOKMARK [1][-]{section.7.3}{\376\377\000T\000h\000e\000\040\000C\000A\000L\000L\000\040\000a\000n\000d\000\040\000U\000S\000R\000\040\000I\000n\000t\000e\000r\000f\000a\000c\000e}{chapter.7}% 58
\BOOKMARK [1][-]{section.7.4}{\376\377\000I\000n\000t\000e\000r\000r\000u\000p\000t\000s}{chapter.7}% 59
\BOOKMARK [1][-]{section.7.5}{\376\377\000X\000M\000C\000\040\000A\000s\000s\000e\000m\000b\000l\000y\000\040\000H\000e\000l\000p\000e\000r\000s}{chapter.7}% 60
\BOOKMARK [1][-]{section.7.6}{\376\377\000V\000G\000C\000\040\000R\000e\000g\000i\000s\000t\000e\000r\000-\000L\000e\000v\000e\000l\000\040\000P\000r\000o\000g\000r\000a\000m\000m\000i\000n\000g}{chapter.7}% 61
\BOOKMARK [1][-]{section.7.7}{\376\377\000F\000u\000t\000u\000r\000e\000\040\000D\000i\000r\000e\000c\000t\000i\000o\000n\000s}{chapter.7}% 62
\BOOKMARK [1][-]{section.7.8}{\376\377\000T\000r\000y\000\040\000I\000t\000\040\000N\000o\000w}{chapter.7}% 63
\BOOKMARK [0][-]{appendix.A}{\376\377\000C\000o\000m\000m\000a\000n\000d\000\040\000R\000e\000f\000e\000r\000e\000n\000c\000e}{}% 64
\BOOKMARK [1][-]{section.A.1}{\376\377\000N\000o\000v\000a\000B\000A\000S\000I\000C\000\040\000C\000o\000m\000m\000a\000n\000d\000\040\000Q\000u\000i\000c\000k\000\040\000R\000e\000f\000e\000r\000e\000n\000c\000e}{appendix.A}% 65
\BOOKMARK [1][-]{section.A.2}{\376\377\000F\000u\000n\000c\000t\000i\000o\000n\000\040\000R\000e\000f\000e\000r\000e\000n\000c\000e}{appendix.A}% 66
\BOOKMARK [1][-]{section.A.3}{\376\377\000T\000o\000k\000e\000n\000\040\000I\000n\000d\000e\000x}{appendix.A}% 67
\BOOKMARK [0][-]{appendix.B}{\376\377\000M\000e\000m\000o\000r\000y\000\040\000M\000a\000p}{}% 68
\BOOKMARK [1][-]{section.B.1}{\376\377\000A\000d\000d\000r\000e\000s\000s\000\040\000S\000p\000a\000c\000e\000\040\000O\000v\000e\000r\000v\000i\000e\000w}{appendix.B}% 69
\BOOKMARK [1][-]{section.B.2}{\376\377\000V\000G\000C\000\040\000R\000e\000g\000i\000s\000t\000e\000r\000\040\000M\000a\000p}{appendix.B}% 70
\BOOKMARK [1][-]{section.B.3}{\376\377\000V\000G\000C\000\040\000C\000o\000m\000m\000a\000n\000d\000\040\000C\000o\000d\000e\000s}{appendix.B}% 71
\BOOKMARK [1][-]{section.B.4}{\376\377\000V\000S\000C\000\040\000R\000e\000g\000i\000s\000t\000e\000r\000\040\000M\000a\000p}{appendix.B}% 72
\BOOKMARK [1][-]{section.B.5}{\376\377\000F\000I\000O\000\040\000R\000e\000g\000i\000s\000t\000e\000r\000\040\000M\000a\000p}{appendix.B}% 73
\BOOKMARK [1][-]{section.B.6}{\376\377\000X\000M\000C\000\040\000R\000e\000g\000i\000s\000t\000e\000r\000\040\000M\000a\000p}{appendix.B}% 74
\BOOKMARK [1][-]{section.B.7}{\376\377\000S\000y\000s\000t\000e\000m\000\040\000V\000e\000c\000t\000o\000r\000s}{appendix.B}% 75
\BOOKMARK [0][-]{appendix.C}{\376\377\000L\000i\000m\000i\000t\000s\000,\000\040\000E\000r\000r\000o\000r\000s\000,\000\040\000a\000n\000d\000\040\000E\000d\000g\000e\000\040\000C\000a\000s\000e\000s}{}% 76
\BOOKMARK [1][-]{section.C.1}{\376\377\000N\000u\000m\000e\000r\000i\000c\000\040\000A\000r\000g\000u\000m\000e\000n\000t\000\040\000C\000o\000n\000v\000e\000r\000s\000i\000o\000n\000\040\000R\000u\000l\000e\000s}{appendix.C}% 77
\BOOKMARK [1][-]{section.C.2}{\376\377\000F\000i\000l\000e\000\040\000C\000o\000m\000m\000a\000n\000d\000\040\000L\000i\000m\000i\000t\000s}{appendix.C}% 78
\BOOKMARK [1][-]{section.C.3}{\376\377\000G\000r\000a\000p\000h\000i\000c\000s\000\040\000a\000n\000d\000\040\000S\000p\000r\000i\000t\000e\000\040\000E\000d\000g\000e\000\040\000C\000a\000s\000e\000s}{appendix.C}% 79
\BOOKMARK [1][-]{section.C.4}{\376\377\000S\000o\000u\000n\000d\000\040\000L\000i\000m\000i\000t\000s\000\040\000a\000n\000d\000\040\000B\000e\000h\000a\000v\000i\000o\000r}{appendix.C}% 80
\BOOKMARK [1][-]{section.C.5}{\376\377\000X\000R\000A\000M\000\040\000L\000i\000m\000i\000t\000s\000\040\000a\000n\000d\000\040\000F\000a\000i\000l\000u\000r\000e\000\040\000M\000o\000d\000e\000s}{appendix.C}% 81
\BOOKMARK [1][-]{section.C.6}{\376\377\000S\000t\000a\000t\000u\000s\000\040\000a\000n\000d\000\040\000E\000r\000r\000o\000r\000\040\000C\000o\000d\000e\000\040\000Q\000u\000i\000c\000k\000\040\000R\000e\000f\000e\000r\000e\000n\000c\000e}{appendix.C}% 82
